  [1m[35m (2.0ms)[0m  [1m[34mSELECT sqlite_version(*)[0m
  [1m[35m (2.4ms)[0m  [1m[35mCREATE TABLE "schema_migrations" ("version" varchar NOT NULL PRIMARY KEY)[0m
  [1m[35m (1.3ms)[0m  [1m[35mCREATE TABLE "ar_internal_metadata" ("key" varchar NOT NULL PRIMARY KEY, "value" varchar, "created_at" datetime(6) NOT NULL, "updated_at" datetime(6) NOT NULL)[0m
  [1m[35m (0.2ms)[0m  [1m[34mSELECT "schema_migrations"."version" FROM "schema_migrations" ORDER BY "schema_migrations"."version" ASC[0m
Migrating to CreatePlayers (20191220184038)
  [1m[35m (0.2ms)[0m  [1m[36mbegin transaction[0m
  [1m[35m (0.8ms)[0m  [1m[35mCREATE TABLE "players" ("id" integer PRIMARY KEY AUTOINCREMENT NOT NULL, "username" varchar, "cohort" varchar, "created_at" datetime(6) NOT NULL, "updated_at" datetime(6) NOT NULL)[0m
  [1m[36mprimary::SchemaMigration Create (0.2ms)[0m  [1m[32mINSERT INTO "schema_migrations" ("version") VALUES (?)[0m  [["version", "20191220184038"]]
  [1m[35m (0.7ms)[0m  [1m[36mcommit transaction[0m
Migrating to CreateMatches (20191220184159)
  [1m[35m (0.0ms)[0m  [1m[36mbegin transaction[0m
  [1m[35m (2.0ms)[0m  [1m[35mCREATE TABLE "matches" ("id" integer PRIMARY KEY AUTOINCREMENT NOT NULL, "winner_id" integer, "loser_id" integer, "tournament_id" integer, "created_at" datetime(6) NOT NULL, "updated_at" datetime(6) NOT NULL)[0m
  [1m[36mprimary::SchemaMigration Create (0.1ms)[0m  [1m[32mINSERT INTO "schema_migrations" ("version") VALUES (?)[0m  [["version", "20191220184159"]]
  [1m[35m (1.0ms)[0m  [1m[36mcommit transaction[0m
Migrating to CreatePlayerMatches (20191220184257)
  [1m[35m (0.9ms)[0m  [1m[34mSELECT sqlite_version(*)[0m
  [1m[35m (0.2ms)[0m  [1m[34mSELECT "schema_migrations"."version" FROM "schema_migrations" ORDER BY "schema_migrations"."version" ASC[0m
Migrating to CreatePlayerMatches (20191220184257)
  [1m[35m (0.1ms)[0m  [1m[36mbegin transaction[0m
  [1m[35m (0.5ms)[0m  [1m[35mCREATE TABLE "player_matches" ("id" integer PRIMARY KEY AUTOINCREMENT NOT NULL, "player_1_id" integer NOT NULL, "player_2_id" integer NOT NULL, "match_id" integer NOT NULL, "created_at" datetime(6) NOT NULL, "updated_at" datetime(6) NOT NULL, CONSTRAINT "fk_rails_e3984208d2"
FOREIGN KEY ("player_1_id")
  REFERENCES "player_1s" ("id")
, CONSTRAINT "fk_rails_46ecbf6949"
FOREIGN KEY ("player_2_id")
  REFERENCES "player_2s" ("id")
, CONSTRAINT "fk_rails_da468b771a"
FOREIGN KEY ("match_id")
  REFERENCES "matches" ("id")
)[0m
  [1m[35m (0.3ms)[0m  [1m[35mCREATE  INDEX "index_player_matches_on_player_1_id" ON "player_matches" ("player_1_id")[0m
  [1m[35m (0.2ms)[0m  [1m[35mCREATE  INDEX "index_player_matches_on_player_2_id" ON "player_matches" ("player_2_id")[0m
  [1m[35m (0.2ms)[0m  [1m[35mCREATE  INDEX "index_player_matches_on_match_id" ON "player_matches" ("match_id")[0m
  [1m[36mprimary::SchemaMigration Create (0.2ms)[0m  [1m[32mINSERT INTO "schema_migrations" ("version") VALUES (?)[0m  [["version", "20191220184257"]]
  [1m[35m (0.9ms)[0m  [1m[36mcommit transaction[0m
Migrating to CreateTournaments (20191220184341)
  [1m[35m (0.0ms)[0m  [1m[36mbegin transaction[0m
  [1m[35m (0.7ms)[0m  [1m[35mCREATE TABLE "tournaments" ("id" integer PRIMARY KEY AUTOINCREMENT NOT NULL, "name" varchar, "winner_id" integer, "created_at" datetime(6) NOT NULL, "updated_at" datetime(6) NOT NULL)[0m
  [1m[36mprimary::SchemaMigration Create (0.1ms)[0m  [1m[32mINSERT INTO "schema_migrations" ("version") VALUES (?)[0m  [["version", "20191220184341"]]
  [1m[35m (0.8ms)[0m  [1m[36mcommit transaction[0m
  [1m[36mActiveRecord::InternalMetadata Load (0.2ms)[0m  [1m[34mSELECT "ar_internal_metadata".* FROM "ar_internal_metadata" WHERE "ar_internal_metadata"."key" = ? LIMIT ?[0m  [["key", "environment"], ["LIMIT", 1]]
  [1m[35m (0.1ms)[0m  [1m[36mbegin transaction[0m
  [1m[36mActiveRecord::InternalMetadata Create (0.3ms)[0m  [1m[32mINSERT INTO "ar_internal_metadata" ("key", "value", "created_at", "updated_at") VALUES (?, ?, ?, ?)[0m  [["key", "environment"], ["value", "development"], ["created_at", "2019-12-20 19:08:39.289978"], ["updated_at", "2019-12-20 19:08:39.289978"]]
  [1m[35m (0.8ms)[0m  [1m[36mcommit transaction[0m
  [1m[35m (0.0ms)[0m  [1m[34mSELECT sqlite_version(*)[0m
  [1m[35m (0.1ms)[0m  [1m[34mSELECT "schema_migrations"."version" FROM "schema_migrations" ORDER BY "schema_migrations"."version" ASC[0m
